[2022-05-24 22:12:31] production.ERROR: SQLSTATE[HY000] [2002] A connection attempt failed because the connected party did not properly respond after a period of time, or established connection failed because connected host has failed to respond.
 (SQL: select * from `users` where `mobile` = 7396011306 limit 1) {"exception":"[object] (Illuminate\\Database\\QueryException(code: 2002): SQLSTATE[HY000] [2002] A connection attempt failed because the connected party did not properly respond after a period of time, or established connection failed because connected host has failed to respond.
 (SQL: select * from `users` where `mobile` = 7396011306 limit 1) at C:\\xampp\\htdocs\\SHESHU_PROJECTS\\apna_chotu\\apna_chotu-prod\\apna_chotu\\vendor\\laravel\\framework\\src\\Illuminate\\Database\\Connection.php:664, PDOException(code: 2002): SQLSTATE[HY000] [2002] A connection attempt failed because the connected party did not properly respond after a period of time, or established connection failed because connected host has failed to respond.
 at C:\\xampp\\htdocs\\SHESHU_PROJECTS\\apna_chotu\\apna_chotu-prod\\apna_chotu\\vendor\\laravel\\framework\\src\\Illuminate\\Database\\Connectors\\Connector.php:70)
[stacktrace]
#0 C:\\xampp\\htdocs\\SHESHU_PROJECTS\\apna_chotu\\apna_chotu-prod\\apna_chotu\\vendor\\laravel\\framework\\src\\Illuminate\\Database\\Connection.php(624): Illuminate\\Database\\Connection->runQueryCallback('select * from `...', Array, Object(Closure))
#1 C:\\xampp\\htdocs\\SHESHU_PROJECTS\\apna_chotu\\apna_chotu-prod\\apna_chotu\\vendor\\laravel\\framework\\src\\Illuminate\\Database\\Connection.php(333): Illuminate\\Database\\Connection->run('select * from `...', Array, Object(Closure))
#2 C:\\xampp\\htdocs\\SHESHU_PROJECTS\\apna_chotu\\apna_chotu-prod\\apna_chotu\\vendor\\laravel\\framework\\src\\Illuminate\\Database\\Query\\Builder.php(2095): Illuminate\\Database\\Connection->select('select * from `...', Array, true)
#3 C:\\xampp\\htdocs\\SHESHU_PROJECTS\\apna_chotu\\apna_chotu-prod\\apna_chotu\\vendor\\laravel\\framework\\src\\Illuminate\\Database\\Query\\Builder.php(2083): Illuminate\\Database\\Query\\Builder->runSelect()
#4 C:\\xampp\\htdocs\\SHESHU_PROJECTS\\apna_chotu\\apna_chotu-prod\\apna_chotu\\vendor\\laravel\\framework\\src\\Illuminate\\Database\\Query\\Builder.php(2569): Illuminate\\Database\\Query\\Builder->Illuminate\\Database\\Query\\{closure}()
#5 C:\\xampp\\htdocs\\SHESHU_PROJECTS\\apna_chotu\\apna_chotu-prod\\apna_chotu\\vendor\\laravel\\framework\\src\\Illuminate\\Database\\Query\\Builder.php(2084): Illuminate\\Database\\Query\\Builder->onceWithColumns(Array, Object(Closure))
#6 C:\\xampp\\htdocs\\SHESHU_PROJECTS\\apna_chotu\\apna_chotu-prod\\apna_chotu\\vendor\\laravel\\framework\\src\\Illuminate\\Database\\Eloquent\\Builder.php(519): Illuminate\\Database\\Query\\Builder->get(Array)
#7 C:\\xampp\\htdocs\\SHESHU_PROJECTS\\apna_chotu\\apna_chotu-prod\\apna_chotu\\vendor\\laravel\\framework\\src\\Illuminate\\Database\\Eloquent\\Builder.php(503): Illuminate\\Database\\Eloquent\\Builder->getModels(Array)
#8 C:\\xampp\\htdocs\\SHESHU_PROJECTS\\apna_chotu\\apna_chotu-prod\\apna_chotu\\vendor\\laravel\\framework\\src\\Illuminate\\Database\\Concerns\\BuildsQueries.php(77): Illuminate\\Database\\Eloquent\\Builder->get(Array)
#9 C:\\xampp\\htdocs\\SHESHU_PROJECTS\\apna_chotu\\apna_chotu-prod\\apna_chotu\\app\\Http\\Controllers\\UserController.php(350): Illuminate\\Database\\Eloquent\\Builder->first()
#10 C:\\xampp\\htdocs\\SHESHU_PROJECTS\\apna_chotu\\apna_chotu-prod\\apna_chotu\\app\\Http\\Controllers\\UserController.php(343): App\\Http\\Controllers\\UserController->generateJWT_Token('login', '7396011306')
#11 [internal function]: App\\Http\\Controllers\\UserController->login(Object(Illuminate\\Http\\Request))
#12 C:\\xampp\\htdocs\\SHESHU_PROJECTS\\apna_chotu\\apna_chotu-prod\\apna_chotu\\vendor\\laravel\\framework\\src\\Illuminate\\Routing\\Controller.php(54): call_user_func_array(Array, Array)
#13 C:\\xampp\\htdocs\\SHESHU_PROJECTS\\apna_chotu\\apna_chotu-prod\\apna_chotu\\vendor\\laravel\\framework\\src\\Illuminate\\Routing\\ControllerDispatcher.php(45): Illuminate\\Routing\\Controller->callAction('login', Array)
#14 C:\\xampp\\htdocs\\SHESHU_PROJECTS\\apna_chotu\\apna_chotu-prod\\apna_chotu\\vendor\\laravel\\framework\\src\\Illuminate\\Routing\\Route.php(219): Illuminate\\Routing\\ControllerDispatcher->dispatch(Object(Illuminate\\Routing\\Route), Object(App\\Http\\Controllers\\UserController), 'login')
#15 C:\\xampp\\htdocs\\SHESHU_PROJECTS\\apna_chotu\\apna_chotu-prod\\apna_chotu\\vendor\\laravel\\framework\\src\\Illuminate\\Routing\\Route.php(176): Illuminate\\Routing\\Route->runController()
#16 C:\\xampp\\htdocs\\SHESHU_PROJECTS\\apna_chotu\\apna_chotu-prod\\apna_chotu\\vendor\\laravel\\framework\\src\\Illuminate\\Routing\\Router.php(682): Illuminate\\Routing\\Route->run()
#17 C:\\xampp\\htdocs\\SHESHU_PROJECTS\\apna_chotu\\apna_chotu-prod\\apna_chotu\\vendor\\laravel\\framework\\src\\Illuminate\\Routing\\Pipeline.php(30): Illuminate\\Routing\\Router->Illuminate\\Routing\\{closure}(Object(Illuminate\\Http\\Request))
#18 C:\\xampp\\htdocs\\SHESHU_PROJECTS\\apna_chotu\\apna_chotu-prod\\apna_chotu\\vendor\\laravel\\framework\\src\\Illuminate\\Routing\\Middleware\\SubstituteBindings.php(41): Illuminate\\Routing\\Pipeline->Illuminate\\Routing\\{closure}(Object(Illuminate\\Http\\Request))
#19 C:\\xampp\\htdocs\\SHESHU_PROJECTS\\apna_chotu\\apna_chotu-prod\\apna_chotu\\vendor\\laravel\\framework\\src\\Illuminate\\Pipeline\\Pipeline.php(163): Illuminate\\Routing\\Middleware\\SubstituteBindings->handle(Object(Illuminate\\Http\\Request), Object(Closure))
#20 C:\\xampp\\htdocs\\SHESHU_PROJECTS\\apna_chotu\\apna_chotu-prod\\apna_chotu\\vendor\\laravel\\framework\\src\\Illuminate\\Routing\\Pipeline.php(53): Illuminate\\Pipeline\\Pipeline->Illuminate\\Pipeline\\{closure}(Object(Illuminate\\Http\\Request))
#21 C:\\xampp\\htdocs\\SHESHU_PROJECTS\\apna_chotu\\apna_chotu-prod\\apna_chotu\\vendor\\laravel\\framework\\src\\Illuminate\\Routing\\Middleware\\ThrottleRequests.php(58): Illuminate\\Routing\\Pipeline->Illuminate\\Routing\\{closure}(Object(Illuminate\\Http\\Request))
#22 C:\\xampp\\htdocs\\SHESHU_PROJECTS\\apna_chotu\\apna_chotu-prod\\apna_chotu\\vendor\\laravel\\framework\\src\\Illuminate\\Pipeline\\Pipeline.php(163): Illuminate\\Routing\\Middleware\\ThrottleRequests->handle(Object(Illuminate\\Http\\Request), Object(Closure), 6000, '1')
#23 C:\\xampp\\htdocs\\SHESHU_PROJECTS\\apna_chotu\\apna_chotu-prod\\apna_chotu\\vendor\\laravel\\framework\\src\\Illuminate\\Routing\\Pipeline.php(53): Illuminate\\Pipeline\\Pipeline->Illuminate\\Pipeline\\{closure}(Object(Illuminate\\Http\\Request))
#24 C:\\xampp\\htdocs\\SHESHU_PROJECTS\\apna_chotu\\apna_chotu-prod\\apna_chotu\\vendor\\laravel\\framework\\src\\Illuminate\\Pipeline\\Pipeline.php(104): Illuminate\\Routing\\Pipeline->Illuminate\\Routing\\{closure}(Object(Illuminate\\Http\\Request))
#25 C:\\xampp\\htdocs\\SHESHU_PROJECTS\\apna_chotu\\apna_chotu-prod\\apna_chotu\\vendor\\laravel\\framework\\src\\Illuminate\\Routing\\Router.php(684): Illuminate\\Pipeline\\Pipeline->then(Object(Closure))
#26 C:\\xampp\\htdocs\\SHESHU_PROJECTS\\apna_chotu\\apna_chotu-prod\\apna_chotu\\vendor\\laravel\\framework\\src\\Illuminate\\Routing\\Router.php(659): Illuminate\\Routing\\Router->runRouteWithinStack(Object(Illuminate\\Routing\\Route), Object(Illuminate\\Http\\Request))
#27 C:\\xampp\\htdocs\\SHESHU_PROJECTS\\apna_chotu\\apna_chotu-prod\\apna_chotu\\vendor\\laravel\\framework\\src\\Illuminate\\Routing\\Router.php(625): Illuminate\\Routing\\Router->runRoute(Object(Illuminate\\Http\\Request), Object(Illuminate\\Routing\\Route))
#28 C:\\xampp\\htdocs\\SHESHU_PROJECTS\\apna_chotu\\apna_chotu-prod\\apna_chotu\\vendor\\laravel\\framework\\src\\Illuminate\\Routing\\Router.php(614): Illuminate\\Routing\\Router->dispatchToRoute(Object(Illuminate\\Http\\Request))
#29 C:\\xampp\\htdocs\\SHESHU_PROJECTS\\apna_chotu\\apna_chotu-prod\\apna_chotu\\vendor\\laravel\\framework\\src\\Illuminate\\Foundation\\Http\\Kernel.php(176): Illuminate\\Routing\\Router->dispatch(Object(Illuminate\\Http\\Request))
#30 C:\\xampp\\htdocs\\SHESHU_PROJECTS\\apna_chotu\\apna_chotu-prod\\apna_chotu\\vendor\\laravel\\framework\\src\\Illuminate\\Routing\\Pipeline.php(30): Illuminate\\Foundation\\Http\\Kernel->Illuminate\\Foundation\\Http\\{closure}(Object(Illuminate\\Http\\Request))
#31 C:\\xampp\\htdocs\\SHESHU_PROJECTS\\apna_chotu\\apna_chotu-prod\\apna_chotu\\app\\Http\\Middleware\\Cors.php(18): Illuminate\\Routing\\Pipeline->Illuminate\\Routing\\{closure}(Object(Illuminate\\Http\\Request))
#32 C:\\xampp\\htdocs\\SHESHU_PROJECTS\\apna_chotu\\apna_chotu-prod\\apna_chotu\\vendor\\laravel\\framework\\src\\Illuminate\\Pipeline\\Pipeline.php(163): App\\Http\\Middleware\\Cors->handle(Object(Illuminate\\Http\\Request), Object(Closure))
#33 C:\\xampp\\htdocs\\SHESHU_PROJECTS\\apna_chotu\\apna_chotu-prod\\apna_chotu\\vendor\\laravel\\framework\\src\\Illuminate\\Routing\\Pipeline.php(53): Illuminate\\Pipeline\\Pipeline->Illuminate\\Pipeline\\{closure}(Object(Illuminate\\Http\\Request))
#34 C:\\xampp\\htdocs\\SHESHU_PROJECTS\\apna_chotu\\apna_chotu-prod\\apna_chotu\\vendor\\fideloper\\proxy\\src\\TrustProxies.php(57): Illuminate\\Routing\\Pipeline->Illuminate\\Routing\\{closure}(Object(Illuminate\\Http\\Request))
#35 C:\\xampp\\htdocs\\SHESHU_PROJECTS\\apna_chotu\\apna_chotu-prod\\apna_chotu\\vendor\\laravel\\framework\\src\\Illuminate\\Pipeline\\Pipeline.php(163): Fideloper\\Proxy\\TrustProxies->handle(Object(Illuminate\\Http\\Request), Object(Closure))
#36 C:\\xampp\\htdocs\\SHESHU_PROJECTS\\apna_chotu\\apna_chotu-prod\\apna_chotu\\vendor\\laravel\\framework\\src\\Illuminate\\Routing\\Pipeline.php(53): Illuminate\\Pipeline\\Pipeline->Illuminate\\Pipeline\\{closure}(Object(Illuminate\\Http\\Request))
#37 C:\\xampp\\htdocs\\SHESHU_PROJECTS\\apna_chotu\\apna_chotu-prod\\apna_chotu\\vendor\\laravel\\framework\\src\\Illuminate\\Foundation\\Http\\Middleware\\TransformsRequest.php(31): Illuminate\\Routing\\Pipeline->Illuminate\\Routing\\{closure}(Object(Illuminate\\Http\\Request))
#38 C:\\xampp\\htdocs\\SHESHU_PROJECTS\\apna_chotu\\apna_chotu-prod\\apna_chotu\\vendor\\laravel\\framework\\src\\Illuminate\\Pipeline\\Pipeline.php(163): Illuminate\\Foundation\\Http\\Middleware\\TransformsRequest->handle(Object(Illuminate\\Http\\Request), Object(Closure))
#39 C:\\xampp\\htdocs\\SHESHU_PROJECTS\\apna_chotu\\apna_chotu-prod\\apna_chotu\\vendor\\laravel\\framework\\src\\Illuminate\\Routing\\Pipeline.php(53): Illuminate\\Pipeline\\Pipeline->Illuminate\\Pipeline\\{closure}(Object(Illuminate\\Http\\Request))
#40 C:\\xampp\\htdocs\\SHESHU_PROJECTS\\apna_chotu\\apna_chotu-prod\\apna_chotu\\vendor\\laravel\\framework\\src\\Illuminate\\Foundation\\Http\\Middleware\\TransformsRequest.php(31): Illuminate\\Routing\\Pipeline->Illuminate\\Routing\\{closure}(Object(Illuminate\\Http\\Request))
#41 C:\\xampp\\htdocs\\SHESHU_PROJECTS\\apna_chotu\\apna_chotu-prod\\apna_chotu\\vendor\\laravel\\framework\\src\\Illuminate\\Pipeline\\Pipeline.php(163): Illuminate\\Foundation\\Http\\Middleware\\TransformsRequest->handle(Object(Illuminate\\Http\\Request), Object(Closure))
#42 C:\\xampp\\htdocs\\SHESHU_PROJECTS\\apna_chotu\\apna_chotu-prod\\apna_chotu\\vendor\\laravel\\framework\\src\\Illuminate\\Routing\\Pipeline.php(53): Illuminate\\Pipeline\\Pipeline->Illuminate\\Pipeline\\{closure}(Object(Illuminate\\Http\\Request))
#43 C:\\xampp\\htdocs\\SHESHU_PROJECTS\\apna_chotu\\apna_chotu-prod\\apna_chotu\\vendor\\laravel\\framework\\src\\Illuminate\\Foundation\\Http\\Middleware\\ValidatePostSize.php(27): Illuminate\\Routing\\Pipeline->Illuminate\\Routing\\{closure}(Object(Illuminate\\Http\\Request))
#44 C:\\xampp\\htdocs\\SHESHU_PROJECTS\\apna_chotu\\apna_chotu-prod\\apna_chotu\\vendor\\laravel\\framework\\src\\Illuminate\\Pipeline\\Pipeline.php(163): Illuminate\\Foundation\\Http\\Middleware\\ValidatePostSize->handle(Object(Illuminate\\Http\\Request), Object(Closure))
#45 C:\\xampp\\htdocs\\SHESHU_PROJECTS\\apna_chotu\\apna_chotu-prod\\apna_chotu\\vendor\\laravel\\framework\\src\\Illuminate\\Routing\\Pipeline.php(53): Illuminate\\Pipeline\\Pipeline->Illuminate\\Pipeline\\{closure}(Object(Illuminate\\Http\\Request))
#46 C:\\xampp\\htdocs\\SHESHU_PROJECTS\\apna_chotu\\apna_chotu-prod\\apna_chotu\\vendor\\laravel\\framework\\src\\Illuminate\\Foundation\\Http\\Middleware\\CheckForMaintenanceMode.php(62): Illuminate\\Routing\\Pipeline->Illuminate\\Routing\\{closure}(Object(Illuminate\\Http\\Request))
#47 C:\\xampp\\htdocs\\SHESHU_PROJECTS\\apna_chotu\\apna_chotu-prod\\apna_chotu\\vendor\\laravel\\framework\\src\\Illuminate\\Pipeline\\Pipeline.php(163): Illuminate\\Foundation\\Http\\Middleware\\CheckForMaintenanceMode->handle(Object(Illuminate\\Http\\Request), Object(Closure))
#48 C:\\xampp\\htdocs\\SHESHU_PROJECTS\\apna_chotu\\apna_chotu-prod\\apna_chotu\\vendor\\laravel\\framework\\src\\Illuminate\\Routing\\Pipeline.php(53): Illuminate\\Pipeline\\Pipeline->Illuminate\\Pipeline\\{closure}(Object(Illuminate\\Http\\Request))
#49 C:\\xampp\\htdocs\\SHESHU_PROJECTS\\apna_chotu\\apna_chotu-prod\\apna_chotu\\vendor\\laravel\\framework\\src\\Illuminate\\Pipeline\\Pipeline.php(104): Illuminate\\Routing\\Pipeline->Illuminate\\Routing\\{closure}(Object(Illuminate\\Http\\Request))
#50 C:\\xampp\\htdocs\\SHESHU_PROJECTS\\apna_chotu\\apna_chotu-prod\\apna_chotu\\vendor\\laravel\\framework\\src\\Illuminate\\Foundation\\Http\\Kernel.php(151): Illuminate\\Pipeline\\Pipeline->then(Object(Closure))
#51 C:\\xampp\\htdocs\\SHESHU_PROJECTS\\apna_chotu\\apna_chotu-prod\\apna_chotu\\vendor\\laravel\\framework\\src\\Illuminate\\Foundation\\Http\\Kernel.php(116): Illuminate\\Foundation\\Http\\Kernel->sendRequestThroughRouter(Object(Illuminate\\Http\\Request))
#52 C:\\xampp\\htdocs\\SHESHU_PROJECTS\\apna_chotu\\apna_chotu-prod\\apna_chotu\\public\\index.php(55): Illuminate\\Foundation\\Http\\Kernel->handle(Object(Illuminate\\Http\\Request))
#53 C:\\xampp\\htdocs\\SHESHU_PROJECTS\\apna_chotu\\apna_chotu-prod\\apna_chotu\\server.php(21): require_once('C:\\\\xampp\\\\htdocs...')
#54 {main}
"} 
[2022-05-24 22:13:10] production.ERROR: SQLSTATE[HY000] [2002] A connection attempt failed because the connected party did not properly respond after a period of time, or established connection failed because connected host has failed to respond.
 (SQL: select * from `users` where `mobile` = 9182761331 limit 1) {"exception":"[object] (Illuminate\\Database\\QueryException(code: 2002): SQLSTATE[HY000] [2002] A connection attempt failed because the connected party did not properly respond after a period of time, or established connection failed because connected host has failed to respond.
 (SQL: select * from `users` where `mobile` = 9182761331 limit 1) at C:\\xampp\\htdocs\\SHESHU_PROJECTS\\apna_chotu\\apna_chotu-prod\\apna_chotu\\vendor\\laravel\\framework\\src\\Illuminate\\Database\\Connection.php:664, PDOException(code: 2002): SQLSTATE[HY000] [2002] A connection attempt failed because the connected party did not properly respond after a period of time, or established connection failed because connected host has failed to respond.
 at C:\\xampp\\htdocs\\SHESHU_PROJECTS\\apna_chotu\\apna_chotu-prod\\apna_chotu\\vendor\\laravel\\framework\\src\\Illuminate\\Database\\Connectors\\Connector.php:70)
[stacktrace]
#0 C:\\xampp\\htdocs\\SHESHU_PROJECTS\\apna_chotu\\apna_chotu-prod\\apna_chotu\\vendor\\laravel\\framework\\src\\Illuminate\\Database\\Connection.php(624): Illuminate\\Database\\Connection->runQueryCallback('select * from `...', Array, Object(Closure))
#1 C:\\xampp\\htdocs\\SHESHU_PROJECTS\\apna_chotu\\apna_chotu-prod\\apna_chotu\\vendor\\laravel\\framework\\src\\Illuminate\\Database\\Connection.php(333): Illuminate\\Database\\Connection->run('select * from `...', Array, Object(Closure))
#2 C:\\xampp\\htdocs\\SHESHU_PROJECTS\\apna_chotu\\apna_chotu-prod\\apna_chotu\\vendor\\laravel\\framework\\src\\Illuminate\\Database\\Query\\Builder.php(2095): Illuminate\\Database\\Connection->select('select * from `...', Array, true)
#3 C:\\xampp\\htdocs\\SHESHU_PROJECTS\\apna_chotu\\apna_chotu-prod\\apna_chotu\\vendor\\laravel\\framework\\src\\Illuminate\\Database\\Query\\Builder.php(2083): Illuminate\\Database\\Query\\Builder->runSelect()
#4 C:\\xampp\\htdocs\\SHESHU_PROJECTS\\apna_chotu\\apna_chotu-prod\\apna_chotu\\vendor\\laravel\\framework\\src\\Illuminate\\Database\\Query\\Builder.php(2569): Illuminate\\Database\\Query\\Builder->Illuminate\\Database\\Query\\{closure}()
#5 C:\\xampp\\htdocs\\SHESHU_PROJECTS\\apna_chotu\\apna_chotu-prod\\apna_chotu\\vendor\\laravel\\framework\\src\\Illuminate\\Database\\Query\\Builder.php(2084): Illuminate\\Database\\Query\\Builder->onceWithColumns(Array, Object(Closure))
#6 C:\\xampp\\htdocs\\SHESHU_PROJECTS\\apna_chotu\\apna_chotu-prod\\apna_chotu\\vendor\\laravel\\framework\\src\\Illuminate\\Database\\Eloquent\\Builder.php(519): Illuminate\\Database\\Query\\Builder->get(Array)
#7 C:\\xampp\\htdocs\\SHESHU_PROJECTS\\apna_chotu\\apna_chotu-prod\\apna_chotu\\vendor\\laravel\\framework\\src\\Illuminate\\Database\\Eloquent\\Builder.php(503): Illuminate\\Database\\Eloquent\\Builder->getModels(Array)
#8 C:\\xampp\\htdocs\\SHESHU_PROJECTS\\apna_chotu\\apna_chotu-prod\\apna_chotu\\vendor\\laravel\\framework\\src\\Illuminate\\Database\\Concerns\\BuildsQueries.php(77): Illuminate\\Database\\Eloquent\\Builder->get(Array)
#9 C:\\xampp\\htdocs\\SHESHU_PROJECTS\\apna_chotu\\apna_chotu-prod\\apna_chotu\\app\\Http\\Controllers\\UserController.php(350): Illuminate\\Database\\Eloquent\\Builder->first()
#10 C:\\xampp\\htdocs\\SHESHU_PROJECTS\\apna_chotu\\apna_chotu-prod\\apna_chotu\\app\\Http\\Controllers\\UserController.php(343): App\\Http\\Controllers\\UserController->generateJWT_Token('login', '9182761331')
#11 [internal function]: App\\Http\\Controllers\\UserController->login(Object(Illuminate\\Http\\Request))
#12 C:\\xampp\\htdocs\\SHESHU_PROJECTS\\apna_chotu\\apna_chotu-prod\\apna_chotu\\vendor\\laravel\\framework\\src\\Illuminate\\Routing\\Controller.php(54): call_user_func_array(Array, Array)
#13 C:\\xampp\\htdocs\\SHESHU_PROJECTS\\apna_chotu\\apna_chotu-prod\\apna_chotu\\vendor\\laravel\\framework\\src\\Illuminate\\Routing\\ControllerDispatcher.php(45): Illuminate\\Routing\\Controller->callAction('login', Array)
#14 C:\\xampp\\htdocs\\SHESHU_PROJECTS\\apna_chotu\\apna_chotu-prod\\apna_chotu\\vendor\\laravel\\framework\\src\\Illuminate\\Routing\\Route.php(219): Illuminate\\Routing\\ControllerDispatcher->dispatch(Object(Illuminate\\Routing\\Route), Object(App\\Http\\Controllers\\UserController), 'login')
#15 C:\\xampp\\htdocs\\SHESHU_PROJECTS\\apna_chotu\\apna_chotu-prod\\apna_chotu\\vendor\\laravel\\framework\\src\\Illuminate\\Routing\\Route.php(176): Illuminate\\Routing\\Route->runController()
#16 C:\\xampp\\htdocs\\SHESHU_PROJECTS\\apna_chotu\\apna_chotu-prod\\apna_chotu\\vendor\\laravel\\framework\\src\\Illuminate\\Routing\\Router.php(682): Illuminate\\Routing\\Route->run()
#17 C:\\xampp\\htdocs\\SHESHU_PROJECTS\\apna_chotu\\apna_chotu-prod\\apna_chotu\\vendor\\laravel\\framework\\src\\Illuminate\\Routing\\Pipeline.php(30): Illuminate\\Routing\\Router->Illuminate\\Routing\\{closure}(Object(Illuminate\\Http\\Request))
#18 C:\\xampp\\htdocs\\SHESHU_PROJECTS\\apna_chotu\\apna_chotu-prod\\apna_chotu\\vendor\\laravel\\framework\\src\\Illuminate\\Routing\\Middleware\\SubstituteBindings.php(41): Illuminate\\Routing\\Pipeline->Illuminate\\Routing\\{closure}(Object(Illuminate\\Http\\Request))
#19 C:\\xampp\\htdocs\\SHESHU_PROJECTS\\apna_chotu\\apna_chotu-prod\\apna_chotu\\vendor\\laravel\\framework\\src\\Illuminate\\Pipeline\\Pipeline.php(163): Illuminate\\Routing\\Middleware\\SubstituteBindings->handle(Object(Illuminate\\Http\\Request), Object(Closure))
#20 C:\\xampp\\htdocs\\SHESHU_PROJECTS\\apna_chotu\\apna_chotu-prod\\apna_chotu\\vendor\\laravel\\framework\\src\\Illuminate\\Routing\\Pipeline.php(53): Illuminate\\Pipeline\\Pipeline->Illuminate\\Pipeline\\{closure}(Object(Illuminate\\Http\\Request))
#21 C:\\xampp\\htdocs\\SHESHU_PROJECTS\\apna_chotu\\apna_chotu-prod\\apna_chotu\\vendor\\laravel\\framework\\src\\Illuminate\\Routing\\Middleware\\ThrottleRequests.php(58): Illuminate\\Routing\\Pipeline->Illuminate\\Routing\\{closure}(Object(Illuminate\\Http\\Request))
#22 C:\\xampp\\htdocs\\SHESHU_PROJECTS\\apna_chotu\\apna_chotu-prod\\apna_chotu\\vendor\\laravel\\framework\\src\\Illuminate\\Pipeline\\Pipeline.php(163): Illuminate\\Routing\\Middleware\\ThrottleRequests->handle(Object(Illuminate\\Http\\Request), Object(Closure), 6000, '1')
#23 C:\\xampp\\htdocs\\SHESHU_PROJECTS\\apna_chotu\\apna_chotu-prod\\apna_chotu\\vendor\\laravel\\framework\\src\\Illuminate\\Routing\\Pipeline.php(53): Illuminate\\Pipeline\\Pipeline->Illuminate\\Pipeline\\{closure}(Object(Illuminate\\Http\\Request))
#24 C:\\xampp\\htdocs\\SHESHU_PROJECTS\\apna_chotu\\apna_chotu-prod\\apna_chotu\\vendor\\laravel\\framework\\src\\Illuminate\\Pipeline\\Pipeline.php(104): Illuminate\\Routing\\Pipeline->Illuminate\\Routing\\{closure}(Object(Illuminate\\Http\\Request))
#25 C:\\xampp\\htdocs\\SHESHU_PROJECTS\\apna_chotu\\apna_chotu-prod\\apna_chotu\\vendor\\laravel\\framework\\src\\Illuminate\\Routing\\Router.php(684): Illuminate\\Pipeline\\Pipeline->then(Object(Closure))
#26 C:\\xampp\\htdocs\\SHESHU_PROJECTS\\apna_chotu\\apna_chotu-prod\\apna_chotu\\vendor\\laravel\\framework\\src\\Illuminate\\Routing\\Router.php(659): Illuminate\\Routing\\Router->runRouteWithinStack(Object(Illuminate\\Routing\\Route), Object(Illuminate\\Http\\Request))
#27 C:\\xampp\\htdocs\\SHESHU_PROJECTS\\apna_chotu\\apna_chotu-prod\\apna_chotu\\vendor\\laravel\\framework\\src\\Illuminate\\Routing\\Router.php(625): Illuminate\\Routing\\Router->runRoute(Object(Illuminate\\Http\\Request), Object(Illuminate\\Routing\\Route))
#28 C:\\xampp\\htdocs\\SHESHU_PROJECTS\\apna_chotu\\apna_chotu-prod\\apna_chotu\\vendor\\laravel\\framework\\src\\Illuminate\\Routing\\Router.php(614): Illuminate\\Routing\\Router->dispatchToRoute(Object(Illuminate\\Http\\Request))
#29 C:\\xampp\\htdocs\\SHESHU_PROJECTS\\apna_chotu\\apna_chotu-prod\\apna_chotu\\vendor\\laravel\\framework\\src\\Illuminate\\Foundation\\Http\\Kernel.php(176): Illuminate\\Routing\\Router->dispatch(Object(Illuminate\\Http\\Request))
#30 C:\\xampp\\htdocs\\SHESHU_PROJECTS\\apna_chotu\\apna_chotu-prod\\apna_chotu\\vendor\\laravel\\framework\\src\\Illuminate\\Routing\\Pipeline.php(30): Illuminate\\Foundation\\Http\\Kernel->Illuminate\\Foundation\\Http\\{closure}(Object(Illuminate\\Http\\Request))
#31 C:\\xampp\\htdocs\\SHESHU_PROJECTS\\apna_chotu\\apna_chotu-prod\\apna_chotu\\app\\Http\\Middleware\\Cors.php(18): Illuminate\\Routing\\Pipeline->Illuminate\\Routing\\{closure}(Object(Illuminate\\Http\\Request))
#32 C:\\xampp\\htdocs\\SHESHU_PROJECTS\\apna_chotu\\apna_chotu-prod\\apna_chotu\\vendor\\laravel\\framework\\src\\Illuminate\\Pipeline\\Pipeline.php(163): App\\Http\\Middleware\\Cors->handle(Object(Illuminate\\Http\\Request), Object(Closure))
#33 C:\\xampp\\htdocs\\SHESHU_PROJECTS\\apna_chotu\\apna_chotu-prod\\apna_chotu\\vendor\\laravel\\framework\\src\\Illuminate\\Routing\\Pipeline.php(53): Illuminate\\Pipeline\\Pipeline->Illuminate\\Pipeline\\{closure}(Object(Illuminate\\Http\\Request))
#34 C:\\xampp\\htdocs\\SHESHU_PROJECTS\\apna_chotu\\apna_chotu-prod\\apna_chotu\\vendor\\fideloper\\proxy\\src\\TrustProxies.php(57): Illuminate\\Routing\\Pipeline->Illuminate\\Routing\\{closure}(Object(Illuminate\\Http\\Request))
#35 C:\\xampp\\htdocs\\SHESHU_PROJECTS\\apna_chotu\\apna_chotu-prod\\apna_chotu\\vendor\\laravel\\framework\\src\\Illuminate\\Pipeline\\Pipeline.php(163): Fideloper\\Proxy\\TrustProxies->handle(Object(Illuminate\\Http\\Request), Object(Closure))
#36 C:\\xampp\\htdocs\\SHESHU_PROJECTS\\apna_chotu\\apna_chotu-prod\\apna_chotu\\vendor\\laravel\\framework\\src\\Illuminate\\Routing\\Pipeline.php(53): Illuminate\\Pipeline\\Pipeline->Illuminate\\Pipeline\\{closure}(Object(Illuminate\\Http\\Request))
#37 C:\\xampp\\htdocs\\SHESHU_PROJECTS\\apna_chotu\\apna_chotu-prod\\apna_chotu\\vendor\\laravel\\framework\\src\\Illuminate\\Foundation\\Http\\Middleware\\TransformsRequest.php(31): Illuminate\\Routing\\Pipeline->Illuminate\\Routing\\{closure}(Object(Illuminate\\Http\\Request))
#38 C:\\xampp\\htdocs\\SHESHU_PROJECTS\\apna_chotu\\apna_chotu-prod\\apna_chotu\\vendor\\laravel\\framework\\src\\Illuminate\\Pipeline\\Pipeline.php(163): Illuminate\\Foundation\\Http\\Middleware\\TransformsRequest->handle(Object(Illuminate\\Http\\Request), Object(Closure))
#39 C:\\xampp\\htdocs\\SHESHU_PROJECTS\\apna_chotu\\apna_chotu-prod\\apna_chotu\\vendor\\laravel\\framework\\src\\Illuminate\\Routing\\Pipeline.php(53): Illuminate\\Pipeline\\Pipeline->Illuminate\\Pipeline\\{closure}(Object(Illuminate\\Http\\Request))
#40 C:\\xampp\\htdocs\\SHESHU_PROJECTS\\apna_chotu\\apna_chotu-prod\\apna_chotu\\vendor\\laravel\\framework\\src\\Illuminate\\Foundation\\Http\\Middleware\\TransformsRequest.php(31): Illuminate\\Routing\\Pipeline->Illuminate\\Routing\\{closure}(Object(Illuminate\\Http\\Request))
#41 C:\\xampp\\htdocs\\SHESHU_PROJECTS\\apna_chotu\\apna_chotu-prod\\apna_chotu\\vendor\\laravel\\framework\\src\\Illuminate\\Pipeline\\Pipeline.php(163): Illuminate\\Foundation\\Http\\Middleware\\TransformsRequest->handle(Object(Illuminate\\Http\\Request), Object(Closure))
#42 C:\\xampp\\htdocs\\SHESHU_PROJECTS\\apna_chotu\\apna_chotu-prod\\apna_chotu\\vendor\\laravel\\framework\\src\\Illuminate\\Routing\\Pipeline.php(53): Illuminate\\Pipeline\\Pipeline->Illuminate\\Pipeline\\{closure}(Object(Illuminate\\Http\\Request))
#43 C:\\xampp\\htdocs\\SHESHU_PROJECTS\\apna_chotu\\apna_chotu-prod\\apna_chotu\\vendor\\laravel\\framework\\src\\Illuminate\\Foundation\\Http\\Middleware\\ValidatePostSize.php(27): Illuminate\\Routing\\Pipeline->Illuminate\\Routing\\{closure}(Object(Illuminate\\Http\\Request))
#44 C:\\xampp\\htdocs\\SHESHU_PROJECTS\\apna_chotu\\apna_chotu-prod\\apna_chotu\\vendor\\laravel\\framework\\src\\Illuminate\\Pipeline\\Pipeline.php(163): Illuminate\\Foundation\\Http\\Middleware\\ValidatePostSize->handle(Object(Illuminate\\Http\\Request), Object(Closure))
#45 C:\\xampp\\htdocs\\SHESHU_PROJECTS\\apna_chotu\\apna_chotu-prod\\apna_chotu\\vendor\\laravel\\framework\\src\\Illuminate\\Routing\\Pipeline.php(53): Illuminate\\Pipeline\\Pipeline->Illuminate\\Pipeline\\{closure}(Object(Illuminate\\Http\\Request))
#46 C:\\xampp\\htdocs\\SHESHU_PROJECTS\\apna_chotu\\apna_chotu-prod\\apna_chotu\\vendor\\laravel\\framework\\src\\Illuminate\\Foundation\\Http\\Middleware\\CheckForMaintenanceMode.php(62): Illuminate\\Routing\\Pipeline->Illuminate\\Routing\\{closure}(Object(Illuminate\\Http\\Request))
#47 C:\\xampp\\htdocs\\SHESHU_PROJECTS\\apna_chotu\\apna_chotu-prod\\apna_chotu\\vendor\\laravel\\framework\\src\\Illuminate\\Pipeline\\Pipeline.php(163): Illuminate\\Foundation\\Http\\Middleware\\CheckForMaintenanceMode->handle(Object(Illuminate\\Http\\Request), Object(Closure))
#48 C:\\xampp\\htdocs\\SHESHU_PROJECTS\\apna_chotu\\apna_chotu-prod\\apna_chotu\\vendor\\laravel\\framework\\src\\Illuminate\\Routing\\Pipeline.php(53): Illuminate\\Pipeline\\Pipeline->Illuminate\\Pipeline\\{closure}(Object(Illuminate\\Http\\Request))
#49 C:\\xampp\\htdocs\\SHESHU_PROJECTS\\apna_chotu\\apna_chotu-prod\\apna_chotu\\vendor\\laravel\\framework\\src\\Illuminate\\Pipeline\\Pipeline.php(104): Illuminate\\Routing\\Pipeline->Illuminate\\Routing\\{closure}(Object(Illuminate\\Http\\Request))
#50 C:\\xampp\\htdocs\\SHESHU_PROJECTS\\apna_chotu\\apna_chotu-prod\\apna_chotu\\vendor\\laravel\\framework\\src\\Illuminate\\Foundation\\Http\\Kernel.php(151): Illuminate\\Pipeline\\Pipeline->then(Object(Closure))
#51 C:\\xampp\\htdocs\\SHESHU_PROJECTS\\apna_chotu\\apna_chotu-prod\\apna_chotu\\vendor\\laravel\\framework\\src\\Illuminate\\Foundation\\Http\\Kernel.php(116): Illuminate\\Foundation\\Http\\Kernel->sendRequestThroughRouter(Object(Illuminate\\Http\\Request))
#52 C:\\xampp\\htdocs\\SHESHU_PROJECTS\\apna_chotu\\apna_chotu-prod\\apna_chotu\\public\\index.php(55): Illuminate\\Foundation\\Http\\Kernel->handle(Object(Illuminate\\Http\\Request))
#53 C:\\xampp\\htdocs\\SHESHU_PROJECTS\\apna_chotu\\apna_chotu-prod\\apna_chotu\\server.php(21): require_once('C:\\\\xampp\\\\htdocs...')
#54 {main}
"} 
[2022-05-24 22:14:25] production.ERROR: SQLSTATE[HY000] [2002] A connection attempt failed because the connected party did not properly respond after a period of time, or established connection failed because connected host has failed to respond.
 (SQL: select * from `users` where `mobile` = 9182761331 limit 1) {"exception":"[object] (Illuminate\\Database\\QueryException(code: 2002): SQLSTATE[HY000] [2002] A connection attempt failed because the connected party did not properly respond after a period of time, or established connection failed because connected host has failed to respond.
 (SQL: select * from `users` where `mobile` = 9182761331 limit 1) at C:\\xampp\\htdocs\\SHESHU_PROJECTS\\apna_chotu\\apna_chotu-prod\\apna_chotu\\vendor\\laravel\\framework\\src\\Illuminate\\Database\\Connection.php:664, PDOException(code: 2002): SQLSTATE[HY000] [2002] A connection attempt failed because the connected party did not properly respond after a period of time, or established connection failed because connected host has failed to respond.
 at C:\\xampp\\htdocs\\SHESHU_PROJECTS\\apna_chotu\\apna_chotu-prod\\apna_chotu\\vendor\\laravel\\framework\\src\\Illuminate\\Database\\Connectors\\Connector.php:70)
[stacktrace]
#0 C:\\xampp\\htdocs\\SHESHU_PROJECTS\\apna_chotu\\apna_chotu-prod\\apna_chotu\\vendor\\laravel\\framework\\src\\Illuminate\\Database\\Connection.php(624): Illuminate\\Database\\Connection->runQueryCallback('select * from `...', Array, Object(Closure))
#1 C:\\xampp\\htdocs\\SHESHU_PROJECTS\\apna_chotu\\apna_chotu-prod\\apna_chotu\\vendor\\laravel\\framework\\src\\Illuminate\\Database\\Connection.php(333): Illuminate\\Database\\Connection->run('select * from `...', Array, Object(Closure))
#2 C:\\xampp\\htdocs\\SHESHU_PROJECTS\\apna_chotu\\apna_chotu-prod\\apna_chotu\\vendor\\laravel\\framework\\src\\Illuminate\\Database\\Query\\Builder.php(2095): Illuminate\\Database\\Connection->select('select * from `...', Array, true)
#3 C:\\xampp\\htdocs\\SHESHU_PROJECTS\\apna_chotu\\apna_chotu-prod\\apna_chotu\\vendor\\laravel\\framework\\src\\Illuminate\\Database\\Query\\Builder.php(2083): Illuminate\\Database\\Query\\Builder->runSelect()
#4 C:\\xampp\\htdocs\\SHESHU_PROJECTS\\apna_chotu\\apna_chotu-prod\\apna_chotu\\vendor\\laravel\\framework\\src\\Illuminate\\Database\\Query\\Builder.php(2569): Illuminate\\Database\\Query\\Builder->Illuminate\\Database\\Query\\{closure}()
#5 C:\\xampp\\htdocs\\SHESHU_PROJECTS\\apna_chotu\\apna_chotu-prod\\apna_chotu\\vendor\\laravel\\framework\\src\\Illuminate\\Database\\Query\\Builder.php(2084): Illuminate\\Database\\Query\\Builder->onceWithColumns(Array, Object(Closure))
#6 C:\\xampp\\htdocs\\SHESHU_PROJECTS\\apna_chotu\\apna_chotu-prod\\apna_chotu\\vendor\\laravel\\framework\\src\\Illuminate\\Database\\Eloquent\\Builder.php(519): Illuminate\\Database\\Query\\Builder->get(Array)
#7 C:\\xampp\\htdocs\\SHESHU_PROJECTS\\apna_chotu\\apna_chotu-prod\\apna_chotu\\vendor\\laravel\\framework\\src\\Illuminate\\Database\\Eloquent\\Builder.php(503): Illuminate\\Database\\Eloquent\\Builder->getModels(Array)
#8 C:\\xampp\\htdocs\\SHESHU_PROJECTS\\apna_chotu\\apna_chotu-prod\\apna_chotu\\vendor\\laravel\\framework\\src\\Illuminate\\Database\\Concerns\\BuildsQueries.php(77): Illuminate\\Database\\Eloquent\\Builder->get(Array)
#9 C:\\xampp\\htdocs\\SHESHU_PROJECTS\\apna_chotu\\apna_chotu-prod\\apna_chotu\\app\\Http\\Controllers\\UserController.php(350): Illuminate\\Database\\Eloquent\\Builder->first()
#10 C:\\xampp\\htdocs\\SHESHU_PROJECTS\\apna_chotu\\apna_chotu-prod\\apna_chotu\\app\\Http\\Controllers\\UserController.php(343): App\\Http\\Controllers\\UserController->generateJWT_Token('login', '9182761331')
#11 [internal function]: App\\Http\\Controllers\\UserController->login(Object(Illuminate\\Http\\Request))
#12 C:\\xampp\\htdocs\\SHESHU_PROJECTS\\apna_chotu\\apna_chotu-prod\\apna_chotu\\vendor\\laravel\\framework\\src\\Illuminate\\Routing\\Controller.php(54): call_user_func_array(Array, Array)
#13 C:\\xampp\\htdocs\\SHESHU_PROJECTS\\apna_chotu\\apna_chotu-prod\\apna_chotu\\vendor\\laravel\\framework\\src\\Illuminate\\Routing\\ControllerDispatcher.php(45): Illuminate\\Routing\\Controller->callAction('login', Array)
#14 C:\\xampp\\htdocs\\SHESHU_PROJECTS\\apna_chotu\\apna_chotu-prod\\apna_chotu\\vendor\\laravel\\framework\\src\\Illuminate\\Routing\\Route.php(219): Illuminate\\Routing\\ControllerDispatcher->dispatch(Object(Illuminate\\Routing\\Route), Object(App\\Http\\Controllers\\UserController), 'login')
#15 C:\\xampp\\htdocs\\SHESHU_PROJECTS\\apna_chotu\\apna_chotu-prod\\apna_chotu\\vendor\\laravel\\framework\\src\\Illuminate\\Routing\\Route.php(176): Illuminate\\Routing\\Route->runController()
#16 C:\\xampp\\htdocs\\SHESHU_PROJECTS\\apna_chotu\\apna_chotu-prod\\apna_chotu\\vendor\\laravel\\framework\\src\\Illuminate\\Routing\\Router.php(682): Illuminate\\Routing\\Route->run()
#17 C:\\xampp\\htdocs\\SHESHU_PROJECTS\\apna_chotu\\apna_chotu-prod\\apna_chotu\\vendor\\laravel\\framework\\src\\Illuminate\\Routing\\Pipeline.php(30): Illuminate\\Routing\\Router->Illuminate\\Routing\\{closure}(Object(Illuminate\\Http\\Request))
#18 C:\\xampp\\htdocs\\SHESHU_PROJECTS\\apna_chotu\\apna_chotu-prod\\apna_chotu\\vendor\\laravel\\framework\\src\\Illuminate\\Routing\\Middleware\\SubstituteBindings.php(41): Illuminate\\Routing\\Pipeline->Illuminate\\Routing\\{closure}(Object(Illuminate\\Http\\Request))
#19 C:\\xampp\\htdocs\\SHESHU_PROJECTS\\apna_chotu\\apna_chotu-prod\\apna_chotu\\vendor\\laravel\\framework\\src\\Illuminate\\Pipeline\\Pipeline.php(163): Illuminate\\Routing\\Middleware\\SubstituteBindings->handle(Object(Illuminate\\Http\\Request), Object(Closure))
#20 C:\\xampp\\htdocs\\SHESHU_PROJECTS\\apna_chotu\\apna_chotu-prod\\apna_chotu\\vendor\\laravel\\framework\\src\\Illuminate\\Routing\\Pipeline.php(53): Illuminate\\Pipeline\\Pipeline->Illuminate\\Pipeline\\{closure}(Object(Illuminate\\Http\\Request))
#21 C:\\xampp\\htdocs\\SHESHU_PROJECTS\\apna_chotu\\apna_chotu-prod\\apna_chotu\\vendor\\laravel\\framework\\src\\Illuminate\\Routing\\Middleware\\ThrottleRequests.php(58): Illuminate\\Routing\\Pipeline->Illuminate\\Routing\\{closure}(Object(Illuminate\\Http\\Request))
#22 C:\\xampp\\htdocs\\SHESHU_PROJECTS\\apna_chotu\\apna_chotu-prod\\apna_chotu\\vendor\\laravel\\framework\\src\\Illuminate\\Pipeline\\Pipeline.php(163): Illuminate\\Routing\\Middleware\\ThrottleRequests->handle(Object(Illuminate\\Http\\Request), Object(Closure), 6000, '1')
#23 C:\\xampp\\htdocs\\SHESHU_PROJECTS\\apna_chotu\\apna_chotu-prod\\apna_chotu\\vendor\\laravel\\framework\\src\\Illuminate\\Routing\\Pipeline.php(53): Illuminate\\Pipeline\\Pipeline->Illuminate\\Pipeline\\{closure}(Object(Illuminate\\Http\\Request))
#24 C:\\xampp\\htdocs\\SHESHU_PROJECTS\\apna_chotu\\apna_chotu-prod\\apna_chotu\\vendor\\laravel\\framework\\src\\Illuminate\\Pipeline\\Pipeline.php(104): Illuminate\\Routing\\Pipeline->Illuminate\\Routing\\{closure}(Object(Illuminate\\Http\\Request))
#25 C:\\xampp\\htdocs\\SHESHU_PROJECTS\\apna_chotu\\apna_chotu-prod\\apna_chotu\\vendor\\laravel\\framework\\src\\Illuminate\\Routing\\Router.php(684): Illuminate\\Pipeline\\Pipeline->then(Object(Closure))
#26 C:\\xampp\\htdocs\\SHESHU_PROJECTS\\apna_chotu\\apna_chotu-prod\\apna_chotu\\vendor\\laravel\\framework\\src\\Illuminate\\Routing\\Router.php(659): Illuminate\\Routing\\Router->runRouteWithinStack(Object(Illuminate\\Routing\\Route), Object(Illuminate\\Http\\Request))
#27 C:\\xampp\\htdocs\\SHESHU_PROJECTS\\apna_chotu\\apna_chotu-prod\\apna_chotu\\vendor\\laravel\\framework\\src\\Illuminate\\Routing\\Router.php(625): Illuminate\\Routing\\Router->runRoute(Object(Illuminate\\Http\\Request), Object(Illuminate\\Routing\\Route))
#28 C:\\xampp\\htdocs\\SHESHU_PROJECTS\\apna_chotu\\apna_chotu-prod\\apna_chotu\\vendor\\laravel\\framework\\src\\Illuminate\\Routing\\Router.php(614): Illuminate\\Routing\\Router->dispatchToRoute(Object(Illuminate\\Http\\Request))
#29 C:\\xampp\\htdocs\\SHESHU_PROJECTS\\apna_chotu\\apna_chotu-prod\\apna_chotu\\vendor\\laravel\\framework\\src\\Illuminate\\Foundation\\Http\\Kernel.php(176): Illuminate\\Routing\\Router->dispatch(Object(Illuminate\\Http\\Request))
#30 C:\\xampp\\htdocs\\SHESHU_PROJECTS\\apna_chotu\\apna_chotu-prod\\apna_chotu\\vendor\\laravel\\framework\\src\\Illuminate\\Routing\\Pipeline.php(30): Illuminate\\Foundation\\Http\\Kernel->Illuminate\\Foundation\\Http\\{closure}(Object(Illuminate\\Http\\Request))
#31 C:\\xampp\\htdocs\\SHESHU_PROJECTS\\apna_chotu\\apna_chotu-prod\\apna_chotu\\app\\Http\\Middleware\\Cors.php(18): Illuminate\\Routing\\Pipeline->Illuminate\\Routing\\{closure}(Object(Illuminate\\Http\\Request))
#32 C:\\xampp\\htdocs\\SHESHU_PROJECTS\\apna_chotu\\apna_chotu-prod\\apna_chotu\\vendor\\laravel\\framework\\src\\Illuminate\\Pipeline\\Pipeline.php(163): App\\Http\\Middleware\\Cors->handle(Object(Illuminate\\Http\\Request), Object(Closure))
#33 C:\\xampp\\htdocs\\SHESHU_PROJECTS\\apna_chotu\\apna_chotu-prod\\apna_chotu\\vendor\\laravel\\framework\\src\\Illuminate\\Routing\\Pipeline.php(53): Illuminate\\Pipeline\\Pipeline->Illuminate\\Pipeline\\{closure}(Object(Illuminate\\Http\\Request))
#34 C:\\xampp\\htdocs\\SHESHU_PROJECTS\\apna_chotu\\apna_chotu-prod\\apna_chotu\\vendor\\fideloper\\proxy\\src\\TrustProxies.php(57): Illuminate\\Routing\\Pipeline->Illuminate\\Routing\\{closure}(Object(Illuminate\\Http\\Request))
#35 C:\\xampp\\htdocs\\SHESHU_PROJECTS\\apna_chotu\\apna_chotu-prod\\apna_chotu\\vendor\\laravel\\framework\\src\\Illuminate\\Pipeline\\Pipeline.php(163): Fideloper\\Proxy\\TrustProxies->handle(Object(Illuminate\\Http\\Request), Object(Closure))
#36 C:\\xampp\\htdocs\\SHESHU_PROJECTS\\apna_chotu\\apna_chotu-prod\\apna_chotu\\vendor\\laravel\\framework\\src\\Illuminate\\Routing\\Pipeline.php(53): Illuminate\\Pipeline\\Pipeline->Illuminate\\Pipeline\\{closure}(Object(Illuminate\\Http\\Request))
#37 C:\\xampp\\htdocs\\SHESHU_PROJECTS\\apna_chotu\\apna_chotu-prod\\apna_chotu\\vendor\\laravel\\framework\\src\\Illuminate\\Foundation\\Http\\Middleware\\TransformsRequest.php(31): Illuminate\\Routing\\Pipeline->Illuminate\\Routing\\{closure}(Object(Illuminate\\Http\\Request))
#38 C:\\xampp\\htdocs\\SHESHU_PROJECTS\\apna_chotu\\apna_chotu-prod\\apna_chotu\\vendor\\laravel\\framework\\src\\Illuminate\\Pipeline\\Pipeline.php(163): Illuminate\\Foundation\\Http\\Middleware\\TransformsRequest->handle(Object(Illuminate\\Http\\Request), Object(Closure))
#39 C:\\xampp\\htdocs\\SHESHU_PROJECTS\\apna_chotu\\apna_chotu-prod\\apna_chotu\\vendor\\laravel\\framework\\src\\Illuminate\\Routing\\Pipeline.php(53): Illuminate\\Pipeline\\Pipeline->Illuminate\\Pipeline\\{closure}(Object(Illuminate\\Http\\Request))
#40 C:\\xampp\\htdocs\\SHESHU_PROJECTS\\apna_chotu\\apna_chotu-prod\\apna_chotu\\vendor\\laravel\\framework\\src\\Illuminate\\Foundation\\Http\\Middleware\\TransformsRequest.php(31): Illuminate\\Routing\\Pipeline->Illuminate\\Routing\\{closure}(Object(Illuminate\\Http\\Request))
#41 C:\\xampp\\htdocs\\SHESHU_PROJECTS\\apna_chotu\\apna_chotu-prod\\apna_chotu\\vendor\\laravel\\framework\\src\\Illuminate\\Pipeline\\Pipeline.php(163): Illuminate\\Foundation\\Http\\Middleware\\TransformsRequest->handle(Object(Illuminate\\Http\\Request), Object(Closure))
#42 C:\\xampp\\htdocs\\SHESHU_PROJECTS\\apna_chotu\\apna_chotu-prod\\apna_chotu\\vendor\\laravel\\framework\\src\\Illuminate\\Routing\\Pipeline.php(53): Illuminate\\Pipeline\\Pipeline->Illuminate\\Pipeline\\{closure}(Object(Illuminate\\Http\\Request))
#43 C:\\xampp\\htdocs\\SHESHU_PROJECTS\\apna_chotu\\apna_chotu-prod\\apna_chotu\\vendor\\laravel\\framework\\src\\Illuminate\\Foundation\\Http\\Middleware\\ValidatePostSize.php(27): Illuminate\\Routing\\Pipeline->Illuminate\\Routing\\{closure}(Object(Illuminate\\Http\\Request))
#44 C:\\xampp\\htdocs\\SHESHU_PROJECTS\\apna_chotu\\apna_chotu-prod\\apna_chotu\\vendor\\laravel\\framework\\src\\Illuminate\\Pipeline\\Pipeline.php(163): Illuminate\\Foundation\\Http\\Middleware\\ValidatePostSize->handle(Object(Illuminate\\Http\\Request), Object(Closure))
#45 C:\\xampp\\htdocs\\SHESHU_PROJECTS\\apna_chotu\\apna_chotu-prod\\apna_chotu\\vendor\\laravel\\framework\\src\\Illuminate\\Routing\\Pipeline.php(53): Illuminate\\Pipeline\\Pipeline->Illuminate\\Pipeline\\{closure}(Object(Illuminate\\Http\\Request))
#46 C:\\xampp\\htdocs\\SHESHU_PROJECTS\\apna_chotu\\apna_chotu-prod\\apna_chotu\\vendor\\laravel\\framework\\src\\Illuminate\\Foundation\\Http\\Middleware\\CheckForMaintenanceMode.php(62): Illuminate\\Routing\\Pipeline->Illuminate\\Routing\\{closure}(Object(Illuminate\\Http\\Request))
#47 C:\\xampp\\htdocs\\SHESHU_PROJECTS\\apna_chotu\\apna_chotu-prod\\apna_chotu\\vendor\\laravel\\framework\\src\\Illuminate\\Pipeline\\Pipeline.php(163): Illuminate\\Foundation\\Http\\Middleware\\CheckForMaintenanceMode->handle(Object(Illuminate\\Http\\Request), Object(Closure))
#48 C:\\xampp\\htdocs\\SHESHU_PROJECTS\\apna_chotu\\apna_chotu-prod\\apna_chotu\\vendor\\laravel\\framework\\src\\Illuminate\\Routing\\Pipeline.php(53): Illuminate\\Pipeline\\Pipeline->Illuminate\\Pipeline\\{closure}(Object(Illuminate\\Http\\Request))
#49 C:\\xampp\\htdocs\\SHESHU_PROJECTS\\apna_chotu\\apna_chotu-prod\\apna_chotu\\vendor\\laravel\\framework\\src\\Illuminate\\Pipeline\\Pipeline.php(104): Illuminate\\Routing\\Pipeline->Illuminate\\Routing\\{closure}(Object(Illuminate\\Http\\Request))
#50 C:\\xampp\\htdocs\\SHESHU_PROJECTS\\apna_chotu\\apna_chotu-prod\\apna_chotu\\vendor\\laravel\\framework\\src\\Illuminate\\Foundation\\Http\\Kernel.php(151): Illuminate\\Pipeline\\Pipeline->then(Object(Closure))
#51 C:\\xampp\\htdocs\\SHESHU_PROJECTS\\apna_chotu\\apna_chotu-prod\\apna_chotu\\vendor\\laravel\\framework\\src\\Illuminate\\Foundation\\Http\\Kernel.php(116): Illuminate\\Foundation\\Http\\Kernel->sendRequestThroughRouter(Object(Illuminate\\Http\\Request))
#52 C:\\xampp\\htdocs\\SHESHU_PROJECTS\\apna_chotu\\apna_chotu-prod\\apna_chotu\\public\\index.php(55): Illuminate\\Foundation\\Http\\Kernel->handle(Object(Illuminate\\Http\\Request))
#53 C:\\xampp\\htdocs\\SHESHU_PROJECTS\\apna_chotu\\apna_chotu-prod\\apna_chotu\\server.php(21): require_once('C:\\\\xampp\\\\htdocs...')
#54 {main}
"} 
